e:\최신\client\debug\client.pch
e:\최신\client\debug\vc140.pdb
e:\최신\client\debug\vc140.idb
e:\최신\client\debug\stdafx.obj
e:\최신\client\debug\devicemgr.obj
e:\최신\client\debug\ebullet.obj
e:\최신\client\debug\keymgr.obj
e:\최신\client\debug\kplayerbullet.obj
e:\최신\client\debug\linecollider.obj
e:\최신\client\debug\maingame.obj
e:\최신\client\debug\mouse.obj
e:\최신\client\debug\multitexture.obj
e:\최신\client\debug\obj.obj
e:\최신\client\debug\objmgr.obj
e:\최신\client\debug\player.obj
e:\최신\client\debug\pointcollider.obj
e:\최신\client\debug\rectcollider.obj
e:\최신\client\debug\scene.obj
e:\최신\client\debug\scenemgr.obj
e:\최신\client\debug\singletexture.obj
e:\최신\client\debug\stage.obj
e:\최신\client\debug\texture.obj
e:\최신\client\debug\texturemgr.obj
e:\최신\client\debug\bullet.obj
e:\최신\client\debug\circlecollider.obj
e:\최신\client\debug\client.obj
e:\최신\client\debug\collider.obj
e:\최신\client\debug\collisionmgr.obj
e:\최신\client\debug\flang.obj
c:\users\administrator.jusin-20180207j\desktop\최신\client\debug\client.pch
c:\users\administrator.jusin-20180207j\desktop\최신\client\debug\vc140.pdb
c:\users\administrator.jusin-20180207j\desktop\최신\client\debug\vc140.idb
c:\users\administrator.jusin-20180207j\desktop\최신\client\debug\stdafx.obj
c:\users\administrator.jusin-20180207j\desktop\최신\client\debug\ebullet.obj
c:\users\administrator.jusin-20180207j\desktop\최신\client\debug\framerect.obj
c:\users\administrator.jusin-20180207j\desktop\최신\client\debug\keymgr.obj
c:\users\administrator.jusin-20180207j\desktop\최신\client\debug\kplayerbullet.obj
c:\users\administrator.jusin-20180207j\desktop\최신\client\debug\linecollider.obj
c:\users\administrator.jusin-20180207j\desktop\최신\client\debug\maingame.obj
c:\users\administrator.jusin-20180207j\desktop\최신\client\debug\mouse.obj
c:\users\administrator.jusin-20180207j\desktop\최신\client\debug\multitexture.obj
c:\users\administrator.jusin-20180207j\desktop\최신\client\debug\obj.obj
c:\users\administrator.jusin-20180207j\desktop\최신\client\debug\objmgr.obj
c:\users\administrator.jusin-20180207j\desktop\최신\client\debug\player.obj
c:\users\administrator.jusin-20180207j\desktop\최신\client\debug\pointcollider.obj
c:\users\administrator.jusin-20180207j\desktop\최신\client\debug\rectcollider.obj
c:\users\administrator.jusin-20180207j\desktop\최신\client\debug\scene.obj
c:\users\administrator.jusin-20180207j\desktop\최신\client\debug\scenemgr.obj
c:\users\administrator.jusin-20180207j\desktop\최신\client\debug\singletexture.obj
c:\users\administrator.jusin-20180207j\desktop\최신\client\debug\flang.obj
c:\users\administrator.jusin-20180207j\desktop\최신\client\debug\stage.obj
c:\users\administrator.jusin-20180207j\desktop\최신\client\debug\texture.obj
c:\users\administrator.jusin-20180207j\desktop\최신\client\debug\texturemgr.obj
c:\users\administrator.jusin-20180207j\desktop\최신\client\debug\bullet.obj
c:\users\administrator.jusin-20180207j\desktop\최신\client\debug\circlecollider.obj
c:\users\administrator.jusin-20180207j\desktop\최신\client\debug\client.obj
c:\users\administrator.jusin-20180207j\desktop\최신\client\debug\collider.obj
c:\users\administrator.jusin-20180207j\desktop\최신\client\debug\collisionmgr.obj
c:\users\administrator.jusin-20180207j\desktop\최신\client\debug\devicemgr.obj
e:\최신\debug\client.ilk
e:\최신\debug\client.exe
e:\최신\debug\client.pdb
c:\users\administrator.jusin-20180207j\desktop\최신\debug\client.ilk
c:\users\administrator.jusin-20180207j\desktop\최신\debug\client.exe
c:\users\administrator.jusin-20180207j\desktop\최신\debug\client.pdb
e:\최신\client\debug\client.res
c:\users\administrator.jusin-20180207j\desktop\최신\client\debug\client.res
c:\users\administrator.jusin-20180207j\desktop\최신\client\debug\kremilliascarlet.obj
c:\users\administrator.jusin-20180207j\desktop\최신\client\debug\client.tlog\cl.command.1.tlog
c:\users\administrator.jusin-20180207j\desktop\최신\client\debug\client.tlog\cl.read.1.tlog
c:\users\administrator.jusin-20180207j\desktop\최신\client\debug\client.tlog\cl.write.1.tlog
c:\users\administrator.jusin-20180207j\desktop\최신\client\debug\client.tlog\link.command.1.tlog
c:\users\administrator.jusin-20180207j\desktop\최신\client\debug\client.tlog\link.read.1.tlog
c:\users\administrator.jusin-20180207j\desktop\최신\client\debug\client.tlog\link.write.1.tlog
c:\users\administrator.jusin-20180207j\desktop\최신\client\debug\client.tlog\rc.command.1.tlog
c:\users\administrator.jusin-20180207j\desktop\최신\client\debug\client.tlog\rc.read.1.tlog
c:\users\administrator.jusin-20180207j\desktop\최신\client\debug\client.tlog\rc.write.1.tlog
