c:\users\administrator.jusin-20180207g\desktop\111\client\debug\s.pch
c:\users\administrator.jusin-20180207g\desktop\111\client\debug\vc140.pdb
c:\users\administrator.jusin-20180207g\desktop\111\client\debug\vc140.idb
c:\users\administrator.jusin-20180207g\desktop\111\client\debug\stdafx.obj
c:\users\administrator.jusin-20180207g\desktop\111\client\debug\maingame.obj
c:\users\administrator.jusin-20180207g\desktop\111\client\debug\mouse.obj
c:\users\administrator.jusin-20180207g\desktop\111\client\debug\multitexture.obj
c:\users\administrator.jusin-20180207g\desktop\111\client\debug\obj.obj
c:\users\administrator.jusin-20180207g\desktop\111\client\debug\objmgr.obj
c:\users\administrator.jusin-20180207g\desktop\111\client\debug\oddbullet.obj
c:\users\administrator.jusin-20180207g\desktop\111\client\debug\parentbullet.obj
c:\users\administrator.jusin-20180207g\desktop\111\client\debug\player.obj
c:\users\administrator.jusin-20180207g\desktop\111\client\debug\playershield.obj
c:\users\administrator.jusin-20180207g\desktop\111\client\debug\pointcollider.obj
c:\users\administrator.jusin-20180207g\desktop\111\client\debug\rectcollider.obj
c:\users\administrator.jusin-20180207g\desktop\111\client\debug\scene.obj
c:\users\administrator.jusin-20180207g\desktop\111\client\debug\scenemgr.obj
c:\users\administrator.jusin-20180207g\desktop\111\client\debug\singletexture.obj
c:\users\administrator.jusin-20180207g\desktop\111\client\debug\flang.obj
c:\users\administrator.jusin-20180207g\desktop\111\client\debug\spreadbullet.obj
c:\users\administrator.jusin-20180207g\desktop\111\client\debug\stage.obj
c:\users\administrator.jusin-20180207g\desktop\111\client\debug\texture.obj
c:\users\administrator.jusin-20180207g\desktop\111\client\debug\texturemgr.obj
c:\users\administrator.jusin-20180207g\desktop\111\client\debug\zigzagbullet.obj
c:\users\administrator.jusin-20180207g\desktop\111\client\debug\babybullet.obj
c:\users\administrator.jusin-20180207g\desktop\111\client\debug\basicbullet.obj
c:\users\administrator.jusin-20180207g\desktop\111\client\debug\bomb.obj
c:\users\administrator.jusin-20180207g\desktop\111\client\debug\bossui.obj
c:\users\administrator.jusin-20180207g\desktop\111\client\debug\bullet.obj
c:\users\administrator.jusin-20180207g\desktop\111\client\debug\circlecollider.obj
c:\users\administrator.jusin-20180207g\desktop\111\client\debug\client.obj
c:\users\administrator.jusin-20180207g\desktop\111\client\debug\collider.obj
c:\users\administrator.jusin-20180207g\desktop\111\client\debug\collisionmgr.obj
c:\users\administrator.jusin-20180207g\desktop\111\client\debug\devicemgr.obj
c:\users\administrator.jusin-20180207g\desktop\111\client\debug\ebullet.obj
c:\users\administrator.jusin-20180207g\desktop\111\client\debug\fireworksbullet.obj
c:\users\administrator.jusin-20180207g\desktop\111\client\debug\flowerbullet.obj
c:\users\administrator.jusin-20180207g\desktop\111\client\debug\guidebullet.obj
c:\users\administrator.jusin-20180207g\desktop\111\client\debug\keymgr.obj
c:\users\administrator.jusin-20180207g\desktop\111\client\debug\kplayerbullet.obj
c:\users\administrator.jusin-20180207g\desktop\111\client\debug\kremilliascarlet.obj
c:\users\administrator.jusin-20180207g\desktop\111\client\debug\krmilliapattern.obj
c:\users\administrator.jusin-20180207g\desktop\111\client\debug\linecollider.obj
c:\users\administrator.jusin-20180207g\desktop\111\client\debug\lmonster.obj
c:\users\administrator.jusin-20180207g\desktop\111\debug\s.ilk
c:\users\administrator.jusin-20180207g\desktop\111\debug\s.exe
c:\users\administrator.jusin-20180207g\desktop\111\debug\s.pdb
c:\users\administrator.jusin-20180207g\desktop\111\client\debug\client.res
c:\users\administrator.jusin-20180207g\desktop\111\client\debug\s.tlog\cl.command.1.tlog
c:\users\administrator.jusin-20180207g\desktop\111\client\debug\s.tlog\cl.read.1.tlog
c:\users\administrator.jusin-20180207g\desktop\111\client\debug\s.tlog\cl.write.1.tlog
c:\users\administrator.jusin-20180207g\desktop\111\client\debug\s.tlog\link.command.1.tlog
c:\users\administrator.jusin-20180207g\desktop\111\client\debug\s.tlog\link.read.1.tlog
c:\users\administrator.jusin-20180207g\desktop\111\client\debug\s.tlog\link.write.1.tlog
c:\users\administrator.jusin-20180207g\desktop\111\client\debug\s.tlog\rc.command.1.tlog
c:\users\administrator.jusin-20180207g\desktop\111\client\debug\s.tlog\rc.read.1.tlog
c:\users\administrator.jusin-20180207g\desktop\111\client\debug\s.tlog\rc.write.1.tlog
